
*** Running vivado
    with args -log top_level_axis_fft_cfg_gen_0_0.vds -m64 -product Vivado -mode batch -messageDb vivado.pb -notrace -source top_level_axis_fft_cfg_gen_0_0.tcl


****** Vivado v2025.1 (64-bit)
  **** SW Build 6140274 on Wed May 21 22:58:25 MDT 2025
  **** IP Build 6138677 on Thu May 22 03:10:11 MDT 2025
  **** SharedData Build 6139179 on Tue May 20 17:58:58 MDT 2025
  **** Start of session at: Thu Feb 12 20:15:53 2026
    ** Copyright 1986-2022 Xilinx, Inc. All Rights Reserved.
    ** Copyright 2022-2025 Advanced Micro Devices, Inc. All Rights Reserved.

source top_level_axis_fft_cfg_gen_0_0.tcl -notrace
INFO: [IP_Flow 19-234] Refreshing IP repositories
INFO: [IP_Flow 19-1704] No user IP repositories specified
INFO: [IP_Flow 19-2313] Loaded Vivado IP repository '/home/daniel/Xilinx/2025.1/Vivado/data/ip'.
Command: synth_design -top top_level_axis_fft_cfg_gen_0_0 -part xc7z020clg400-1 -incremental_mode off -mode out_of_context
Starting synth_design
Attempting to get a license for feature 'Synthesis' and/or device 'xc7z020'
INFO: [Common 17-349] Got license for feature 'Synthesis' and/or device 'xc7z020'
INFO: [Device 21-403] Loading part xc7z020clg400-1
INFO: [Synth 8-7079] Multithreading enabled for synth_design using a maximum of 7 processes.
INFO: [Synth 8-7078] Launching helper process for spawning children vivado processes
INFO: [Synth 8-7075] Helper process launched with PID 152009
---------------------------------------------------------------------------------
Starting RTL Elaboration : Time (s): cpu = 00:00:03 ; elapsed = 00:00:03 . Memory (MB): peak = 2355.910 ; gain = 438.742 ; free physical = 5215 ; free virtual = 22076
---------------------------------------------------------------------------------
INFO: [Synth 8-6157] synthesizing module 'top_level_axis_fft_cfg_gen_0_0' [/home/daniel/Documents/FPGA-SensorFusion-EdgeAI/rtl/processor/processor.gen/sources_1/bd/top_level/ip/top_level_axis_fft_cfg_gen_0_0/synth/top_level_axis_fft_cfg_gen_0_0.v:53]
INFO: [Synth 8-638] synthesizing module 'axis_fft_cfg_gen' [/home/daniel/Documents/FPGA-SensorFusion-EdgeAI/rtl/processor/processor.srcs/sources_1/new/axis_fft_cfg_gen.vhd:21]
	Parameter CFG_WIDTH bound to: 16 - type: integer 
	Parameter CFG_WORD bound to: 1 - type: integer 
INFO: [Synth 8-256] done synthesizing module 'axis_fft_cfg_gen' (0#1) [/home/daniel/Documents/FPGA-SensorFusion-EdgeAI/rtl/processor/processor.srcs/sources_1/new/axis_fft_cfg_gen.vhd:21]
INFO: [Synth 8-6155] done synthesizing module 'top_level_axis_fft_cfg_gen_0_0' (0#1) [/home/daniel/Documents/FPGA-SensorFusion-EdgeAI/rtl/processor/processor.gen/sources_1/bd/top_level/ip/top_level_axis_fft_cfg_gen_0_0/synth/top_level_axis_fft_cfg_gen_0_0.v:53]
---------------------------------------------------------------------------------
Finished RTL Elaboration : Time (s): cpu = 00:00:03 ; elapsed = 00:00:03 . Memory (MB): peak = 2433.848 ; gain = 516.680 ; free physical = 5034 ; free virtual = 21893
---------------------------------------------------------------------------------
---------------------------------------------------------------------------------
Start Handling Custom Attributes
---------------------------------------------------------------------------------
---------------------------------------------------------------------------------
Finished Handling Custom Attributes : Time (s): cpu = 00:00:03 ; elapsed = 00:00:04 . Memory (MB): peak = 2451.660 ; gain = 534.492 ; free physical = 5026 ; free virtual = 21885
---------------------------------------------------------------------------------
---------------------------------------------------------------------------------
Finished RTL Optimization Phase 1 : Time (s): cpu = 00:00:03 ; elapsed = 00:00:04 . Memory (MB): peak = 2451.660 ; gain = 534.492 ; free physical = 5026 ; free virtual = 21885
---------------------------------------------------------------------------------
Netlist sorting complete. Time (s): cpu = 00:00:00 ; elapsed = 00:00:00 . Memory (MB): peak = 2451.660 ; gain = 0.000 ; free physical = 5026 ; free virtual = 21885
INFO: [Project 1-570] Preparing netlist for logic optimization

Processing XDC Constraints
Initializing timing engine
Completed Processing XDC Constraints

Netlist sorting complete. Time (s): cpu = 00:00:00 ; elapsed = 00:00:00 . Memory (MB): peak = 2535.398 ; gain = 0.000 ; free physical = 5038 ; free virtual = 21993
INFO: [Project 1-111] Unisim Transformation Summary:
No Unisim elements were transformed.

Constraint Validation Runtime : Time (s): cpu = 00:00:00.01 ; elapsed = 00:00:00 . Memory (MB): peak = 2535.434 ; gain = 0.000 ; free physical = 5037 ; free virtual = 21994
INFO: [Designutils 20-5008] Incremental synthesis strategy off
---------------------------------------------------------------------------------
Finished Constraint Validation : Time (s): cpu = 00:00:07 ; elapsed = 00:00:07 . Memory (MB): peak = 2535.434 ; gain = 618.266 ; free physical = 4986 ; free virtual = 22024
---------------------------------------------------------------------------------
---------------------------------------------------------------------------------
Start Loading Part and Timing Information
---------------------------------------------------------------------------------
Loading part: xc7z020clg400-1
---------------------------------------------------------------------------------
Finished Loading Part and Timing Information : Time (s): cpu = 00:00:07 ; elapsed = 00:00:07 . Memory (MB): peak = 2543.402 ; gain = 626.234 ; free physical = 4986 ; free virtual = 22024
---------------------------------------------------------------------------------
---------------------------------------------------------------------------------
Start Applying 'set_property' XDC Constraints
---------------------------------------------------------------------------------
---------------------------------------------------------------------------------
Finished applying 'set_property' XDC Constraints : Time (s): cpu = 00:00:07 ; elapsed = 00:00:07 . Memory (MB): peak = 2543.402 ; gain = 626.234 ; free physical = 4986 ; free virtual = 22024
---------------------------------------------------------------------------------
---------------------------------------------------------------------------------
Finished RTL Optimization Phase 2 : Time (s): cpu = 00:00:07 ; elapsed = 00:00:07 . Memory (MB): peak = 2543.402 ; gain = 626.234 ; free physical = 5025 ; free virtual = 22056
---------------------------------------------------------------------------------
---------------------------------------------------------------------------------
Start RTL Component Statistics 
---------------------------------------------------------------------------------
Detailed RTL Component Info : 
+---Registers : 
	                1 Bit    Registers := 2     
+---Muxes : 
	   2 Input    1 Bit        Muxes := 1     
---------------------------------------------------------------------------------
Finished RTL Component Statistics 
---------------------------------------------------------------------------------
---------------------------------------------------------------------------------
Start Part Resource Summary
---------------------------------------------------------------------------------
Part Resources:
DSPs: 220 (col length:60)
BRAMs: 280 (col length: RAMB18 60 RAMB36 30)
---------------------------------------------------------------------------------
Finished Part Resource Summary
---------------------------------------------------------------------------------
---------------------------------------------------------------------------------
Start Cross Boundary and Area Optimization
---------------------------------------------------------------------------------
WARNING: [Synth 8-7080] Parallel synthesis criteria is not met
INFO: [Synth 8-3917] design top_level_axis_fft_cfg_gen_0_0 has port m_tdata[15] driven by constant 0
INFO: [Synth 8-3917] design top_level_axis_fft_cfg_gen_0_0 has port m_tdata[14] driven by constant 0
INFO: [Synth 8-3917] design top_level_axis_fft_cfg_gen_0_0 has port m_tdata[13] driven by constant 0
INFO: [Synth 8-3917] design top_level_axis_fft_cfg_gen_0_0 has port m_tdata[12] driven by constant 0
INFO: [Synth 8-3917] design top_level_axis_fft_cfg_gen_0_0 has port m_tdata[11] driven by constant 0
INFO: [Synth 8-3917] design top_level_axis_fft_cfg_gen_0_0 has port m_tdata[10] driven by constant 0
INFO: [Synth 8-3917] design top_level_axis_fft_cfg_gen_0_0 has port m_tdata[9] driven by constant 0
INFO: [Synth 8-3917] design top_level_axis_fft_cfg_gen_0_0 has port m_tdata[8] driven by constant 0
INFO: [Synth 8-3917] design top_level_axis_fft_cfg_gen_0_0 has port m_tdata[7] driven by constant 0
INFO: [Synth 8-3917] design top_level_axis_fft_cfg_gen_0_0 has port m_tdata[6] driven by constant 0
INFO: [Synth 8-3917] design top_level_axis_fft_cfg_gen_0_0 has port m_tdata[5] driven by constant 0
INFO: [Synth 8-3917] design top_level_axis_fft_cfg_gen_0_0 has port m_tdata[4] driven by constant 0
INFO: [Synth 8-3917] design top_level_axis_fft_cfg_gen_0_0 has port m_tdata[3] driven by constant 0
INFO: [Synth 8-3917] design top_level_axis_fft_cfg_gen_0_0 has port m_tdata[2] driven by constant 0
INFO: [Synth 8-3917] design top_level_axis_fft_cfg_gen_0_0 has port m_tdata[1] driven by constant 0
INFO: [Synth 8-3917] design top_level_axis_fft_cfg_gen_0_0 has port m_tdata[0] driven by constant 1
---------------------------------------------------------------------------------
Finished Cross Boundary and Area Optimization : Time (s): cpu = 00:00:08 ; elapsed = 00:00:08 . Memory (MB): peak = 2543.402 ; gain = 626.234 ; free physical = 4993 ; free virtual = 22025
---------------------------------------------------------------------------------
---------------------------------------------------------------------------------
Start Applying XDC Timing Constraints
---------------------------------------------------------------------------------
---------------------------------------------------------------------------------
Finished Applying XDC Timing Constraints : Time (s): cpu = 00:00:11 ; elapsed = 00:00:11 . Memory (MB): peak = 2616.402 ; gain = 699.234 ; free physical = 4733 ; free virtual = 21775
---------------------------------------------------------------------------------
---------------------------------------------------------------------------------
Start Timing Optimization
---------------------------------------------------------------------------------
---------------------------------------------------------------------------------
Finished Timing Optimization : Time (s): cpu = 00:00:11 ; elapsed = 00:00:11 . Memory (MB): peak = 2616.402 ; gain = 699.234 ; free physical = 4733 ; free virtual = 21775
---------------------------------------------------------------------------------
---------------------------------------------------------------------------------
Start Technology Mapping
---------------------------------------------------------------------------------
---------------------------------------------------------------------------------
Finished Technology Mapping : Time (s): cpu = 00:00:11 ; elapsed = 00:00:11 . Memory (MB): peak = 2635.434 ; gain = 718.266 ; free physical = 4709 ; free virtual = 21751
---------------------------------------------------------------------------------
---------------------------------------------------------------------------------
Start IO Insertion
---------------------------------------------------------------------------------
---------------------------------------------------------------------------------
Start Flattening Before IO Insertion
---------------------------------------------------------------------------------
---------------------------------------------------------------------------------
Finished Flattening Before IO Insertion
---------------------------------------------------------------------------------
---------------------------------------------------------------------------------
Start Final Netlist Cleanup
---------------------------------------------------------------------------------
---------------------------------------------------------------------------------
Finished Final Netlist Cleanup
---------------------------------------------------------------------------------
---------------------------------------------------------------------------------
Finished IO Insertion : Time (s): cpu = 00:00:13 ; elapsed = 00:00:13 . Memory (MB): peak = 2801.246 ; gain = 884.078 ; free physical = 4353 ; free virtual = 21407
---------------------------------------------------------------------------------
---------------------------------------------------------------------------------
Start Renaming Generated Instances
---------------------------------------------------------------------------------
---------------------------------------------------------------------------------
Finished Renaming Generated Instances : Time (s): cpu = 00:00:13 ; elapsed = 00:00:13 . Memory (MB): peak = 2801.246 ; gain = 884.078 ; free physical = 4353 ; free virtual = 21407
---------------------------------------------------------------------------------
---------------------------------------------------------------------------------
Start Rebuilding User Hierarchy
---------------------------------------------------------------------------------
---------------------------------------------------------------------------------
Finished Rebuilding User Hierarchy : Time (s): cpu = 00:00:13 ; elapsed = 00:00:13 . Memory (MB): peak = 2801.246 ; gain = 884.078 ; free physical = 4353 ; free virtual = 21407
---------------------------------------------------------------------------------
---------------------------------------------------------------------------------
Start Renaming Generated Ports
---------------------------------------------------------------------------------
---------------------------------------------------------------------------------
Finished Renaming Generated Ports : Time (s): cpu = 00:00:13 ; elapsed = 00:00:13 . Memory (MB): peak = 2801.246 ; gain = 884.078 ; free physical = 4353 ; free virtual = 21407
---------------------------------------------------------------------------------
---------------------------------------------------------------------------------
Start Handling Custom Attributes
---------------------------------------------------------------------------------
---------------------------------------------------------------------------------
Finished Handling Custom Attributes : Time (s): cpu = 00:00:13 ; elapsed = 00:00:13 . Memory (MB): peak = 2801.246 ; gain = 884.078 ; free physical = 4353 ; free virtual = 21407
---------------------------------------------------------------------------------
---------------------------------------------------------------------------------
Start Renaming Generated Nets
---------------------------------------------------------------------------------
---------------------------------------------------------------------------------
Finished Renaming Generated Nets : Time (s): cpu = 00:00:13 ; elapsed = 00:00:13 . Memory (MB): peak = 2801.246 ; gain = 884.078 ; free physical = 4353 ; free virtual = 21407
---------------------------------------------------------------------------------
---------------------------------------------------------------------------------
Start Writing Synthesis Report
---------------------------------------------------------------------------------

Report BlackBoxes: 
+-+--------------+----------+
| |BlackBox name |Instances |
+-+--------------+----------+
+-+--------------+----------+

Report Cell Usage: 
+------+-----+------+
|      |Cell |Count |
+------+-----+------+
|1     |LUT4 |     2|
|2     |FDRE |     2|
+------+-----+------+
---------------------------------------------------------------------------------
Finished Writing Synthesis Report : Time (s): cpu = 00:00:13 ; elapsed = 00:00:13 . Memory (MB): peak = 2801.246 ; gain = 884.078 ; free physical = 4353 ; free virtual = 21407
---------------------------------------------------------------------------------
Synthesis finished with 0 errors, 0 critical warnings and 1 warnings.
Synthesis Optimization Runtime : Time (s): cpu = 00:00:12 ; elapsed = 00:00:12 . Memory (MB): peak = 2801.246 ; gain = 800.305 ; free physical = 4369 ; free virtual = 21424
Synthesis Optimization Complete : Time (s): cpu = 00:00:13 ; elapsed = 00:00:13 . Memory (MB): peak = 2801.254 ; gain = 884.078 ; free physical = 4369 ; free virtual = 21424
INFO: [Project 1-571] Translating synthesized netlist
Netlist sorting complete. Time (s): cpu = 00:00:00 ; elapsed = 00:00:00 . Memory (MB): peak = 2801.254 ; gain = 0.000 ; free physical = 4369 ; free virtual = 21424
INFO: [Project 1-570] Preparing netlist for logic optimization
INFO: [Opt 31-138] Pushed 0 inverter(s) to 0 load pin(s).
Netlist sorting complete. Time (s): cpu = 00:00:00 ; elapsed = 00:00:00 . Memory (MB): peak = 2857.273 ; gain = 0.000 ; free physical = 4440 ; free virtual = 21506
INFO: [Project 1-111] Unisim Transformation Summary:
No Unisim elements were transformed.

Synth Design complete | Checksum: a87da2bd
INFO: [Common 17-83] Releasing license: Synthesis
36 Infos, 1 Warnings, 0 Critical Warnings and 0 Errors encountered.
synth_design completed successfully
synth_design: Time (s): cpu = 00:00:18 ; elapsed = 00:00:17 . Memory (MB): peak = 2857.309 ; gain = 1123.812 ; free physical = 4441 ; free virtual = 21507
INFO: [Common 17-2834] synth_design peak Physical Memory [PSS] (MB): overall = 1552.689; main = 1552.689; forked = 197.209
INFO: [Common 17-2834] synth_design peak Virtual Memory [VSS] (MB): overall = 4157.949; main = 2857.277; forked = 1614.543
Write ShapeDB Complete: Time (s): cpu = 00:00:00 ; elapsed = 00:00:00 . Memory (MB): peak = 2881.285 ; gain = 0.000 ; free physical = 4440 ; free virtual = 21506
INFO: [Common 17-1381] The checkpoint '/home/daniel/Documents/FPGA-SensorFusion-EdgeAI/rtl/processor/processor.runs/top_level_axis_fft_cfg_gen_0_0_synth_1/top_level_axis_fft_cfg_gen_0_0.dcp' has been generated.
INFO: [Vivado 12-24828] Executing command : report_utilization -file top_level_axis_fft_cfg_gen_0_0_utilization_synth.rpt -pb top_level_axis_fft_cfg_gen_0_0_utilization_synth.pb
INFO: [Common 17-206] Exiting Vivado at Thu Feb 12 20:16:14 2026...
